<?xml version="1.0" encoding="UTF-8"?>
<!-- Generated by org.testng.reporters.JUnitReportReporter -->
<testsuite hostname="suhani-PC" name="com.acti.qa.testcase.TC02_EnTP" tests="1" failures="0" timestamp="11 Sep 2020 21:34:28 GMT" time="13.991" errors="0">
  <testcase name="testVerifyTaskMenu" time="13.991" classname="com.acti.qa.testcase.TC02_EnTP"/>
</testsuite> <!-- com.acti.qa.testcase.TC02_EnTP -->
