<?xml version="1.0" encoding="UTF-8"?>
<!-- Generated by org.testng.reporters.JUnitReportReporter -->
<testsuite hostname="suhani-PC" name="com.acti.qa.base.DriverScript" tests="1" failures="0" timestamp="9 Sep 2020 14:44:04 GMT" time="14.046" errors="0">
  <testcase name="initBrowser" time="14.046" classname="com.acti.qa.base.DriverScript"/>
</testsuite> <!-- com.acti.qa.base.DriverScript -->
